2021-07-26 10:35:12,974  INFO [main] TestBase:70 - entering the url
2021-07-26 10:35:14,924 DEBUG [main] cache:45 - Couldn't find template in cache for "spark/spark.spa.ftl"("en_IN", UTF-8, parsed); will try to load it.
2021-07-26 10:35:14,928 DEBUG [main] cache:45 - TemplateLoader.findTemplateSource("spark/spark.spa_en_IN.ftl"): Not found
2021-07-26 10:35:14,954 DEBUG [main] cache:45 - TemplateLoader.findTemplateSource("spark/spark.spa_en.ftl"): Not found
2021-07-26 10:35:14,961 DEBUG [main] cache:45 - TemplateLoader.findTemplateSource("spark/spark.spa.ftl"): Found
2021-07-26 10:35:14,969 DEBUG [main] cache:45 - Loading template for "spark/spark.spa.ftl"("en_IN", UTF-8, parsed) from "jar:file:/C:/Users/Maheshwar%20Pandey/.m2/repository/com/aventstack/extentreports/5.0.8/extentreports-5.0.8.jar!/com/aventstack/extentreports/templates/spark/spark.spa.ftl"
2021-07-26 10:35:16,054 DEBUG [main] cache:45 - Couldn't find template in cache for "commons/commons-variables.ftl"("en_IN", UTF-8, parsed); will try to load it.
2021-07-26 10:35:16,058 DEBUG [main] cache:45 - TemplateLoader.findTemplateSource("commons/commons-variables_en_IN.ftl"): Not found
2021-07-26 10:35:16,062 DEBUG [main] cache:45 - TemplateLoader.findTemplateSource("commons/commons-variables_en.ftl"): Not found
2021-07-26 10:35:16,065 DEBUG [main] cache:45 - TemplateLoader.findTemplateSource("commons/commons-variables.ftl"): Found
2021-07-26 10:35:16,067 DEBUG [main] cache:45 - Loading template for "commons/commons-variables.ftl"("en_IN", UTF-8, parsed) from "jar:file:/C:/Users/Maheshwar%20Pandey/.m2/repository/com/aventstack/extentreports/5.0.8/extentreports-5.0.8.jar!/com/aventstack/extentreports/templates/commons/commons-variables.ftl"
2021-07-26 10:35:17,353 DEBUG [main] cache:45 - Couldn't find template in cache for "commons/commons-macros.ftl"("en_IN", UTF-8, parsed); will try to load it.
2021-07-26 10:35:17,357 DEBUG [main] cache:45 - TemplateLoader.findTemplateSource("commons/commons-macros_en_IN.ftl"): Not found
2021-07-26 10:35:17,359 DEBUG [main] cache:45 - TemplateLoader.findTemplateSource("commons/commons-macros_en.ftl"): Not found
2021-07-26 10:35:17,361 DEBUG [main] cache:45 - TemplateLoader.findTemplateSource("commons/commons-macros.ftl"): Found
2021-07-26 10:35:17,363 DEBUG [main] cache:45 - Loading template for "commons/commons-macros.ftl"("en_IN", UTF-8, parsed) from "jar:file:/C:/Users/Maheshwar%20Pandey/.m2/repository/com/aventstack/extentreports/5.0.8/extentreports-5.0.8.jar!/com/aventstack/extentreports/templates/commons/commons-macros.ftl"
2021-07-26 10:35:17,475 DEBUG [main] cache:45 - Couldn't find template in cache for "spark/macros/attributes.ftl"("en_IN", UTF-8, parsed); will try to load it.
2021-07-26 10:35:17,478 DEBUG [main] cache:45 - TemplateLoader.findTemplateSource("spark/macros/attributes_en_IN.ftl"): Not found
2021-07-26 10:35:17,481 DEBUG [main] cache:45 - TemplateLoader.findTemplateSource("spark/macros/attributes_en.ftl"): Not found
2021-07-26 10:35:17,484 DEBUG [main] cache:45 - TemplateLoader.findTemplateSource("spark/macros/attributes.ftl"): Found
2021-07-26 10:35:17,490 DEBUG [main] cache:45 - Loading template for "spark/macros/attributes.ftl"("en_IN", UTF-8, parsed) from "jar:file:/C:/Users/Maheshwar%20Pandey/.m2/repository/com/aventstack/extentreports/5.0.8/extentreports-5.0.8.jar!/com/aventstack/extentreports/templates/spark/macros/attributes.ftl"
2021-07-26 10:35:17,515 DEBUG [main] cache:45 - Couldn't find template in cache for "spark/macros/log.ftl"("en_IN", UTF-8, parsed); will try to load it.
2021-07-26 10:35:17,519 DEBUG [main] cache:45 - TemplateLoader.findTemplateSource("spark/macros/log_en_IN.ftl"): Not found
2021-07-26 10:35:17,526 DEBUG [main] cache:45 - TemplateLoader.findTemplateSource("spark/macros/log_en.ftl"): Not found
2021-07-26 10:35:17,528 DEBUG [main] cache:45 - TemplateLoader.findTemplateSource("spark/macros/log.ftl"): Found
2021-07-26 10:35:17,529 DEBUG [main] cache:45 - Loading template for "spark/macros/log.ftl"("en_IN", UTF-8, parsed) from "jar:file:/C:/Users/Maheshwar%20Pandey/.m2/repository/com/aventstack/extentreports/5.0.8/extentreports-5.0.8.jar!/com/aventstack/extentreports/templates/spark/macros/log.ftl"
2021-07-26 10:35:17,554 DEBUG [main] cache:45 - Couldn't find template in cache for "spark/macros/recurse_nodes.ftl"("en_IN", UTF-8, parsed); will try to load it.
2021-07-26 10:35:17,556 DEBUG [main] cache:45 - TemplateLoader.findTemplateSource("spark/macros/recurse_nodes_en_IN.ftl"): Not found
2021-07-26 10:35:17,559 DEBUG [main] cache:45 - TemplateLoader.findTemplateSource("spark/macros/recurse_nodes_en.ftl"): Not found
2021-07-26 10:35:17,561 DEBUG [main] cache:45 - TemplateLoader.findTemplateSource("spark/macros/recurse_nodes.ftl"): Found
2021-07-26 10:35:17,563 DEBUG [main] cache:45 - Loading template for "spark/macros/recurse_nodes.ftl"("en_IN", UTF-8, parsed) from "jar:file:/C:/Users/Maheshwar%20Pandey/.m2/repository/com/aventstack/extentreports/5.0.8/extentreports-5.0.8.jar!/com/aventstack/extentreports/templates/spark/macros/recurse_nodes.ftl"
2021-07-26 10:35:17,670 DEBUG [main] cache:45 - "spark/macros/log.ftl"("en_IN", UTF-8, parsed) cached copy not yet stale; using cached.
2021-07-26 10:35:17,672 DEBUG [main] cache:45 - Couldn't find template in cache for "spark/macros/attr-common.ftl"("en_IN", UTF-8, parsed); will try to load it.
2021-07-26 10:35:17,677 DEBUG [main] cache:45 - TemplateLoader.findTemplateSource("spark/macros/attr-common_en_IN.ftl"): Not found
2021-07-26 10:35:17,680 DEBUG [main] cache:45 - TemplateLoader.findTemplateSource("spark/macros/attr-common_en.ftl"): Not found
2021-07-26 10:35:17,684 DEBUG [main] cache:45 - TemplateLoader.findTemplateSource("spark/macros/attr-common.ftl"): Found
2021-07-26 10:35:17,685 DEBUG [main] cache:45 - Loading template for "spark/macros/attr-common.ftl"("en_IN", UTF-8, parsed) from "jar:file:/C:/Users/Maheshwar%20Pandey/.m2/repository/com/aventstack/extentreports/5.0.8/extentreports-5.0.8.jar!/com/aventstack/extentreports/templates/spark/macros/attr-common.ftl"
2021-07-26 10:35:17,845 DEBUG [main] cache:45 - Couldn't find template in cache for "spark/partials/head.ftl"("en_IN", UTF-8, parsed); will try to load it.
2021-07-26 10:35:17,848 DEBUG [main] cache:45 - TemplateLoader.findTemplateSource("spark/partials/head_en_IN.ftl"): Not found
2021-07-26 10:35:17,850 DEBUG [main] cache:45 - TemplateLoader.findTemplateSource("spark/partials/head_en.ftl"): Not found
2021-07-26 10:35:17,853 DEBUG [main] cache:45 - TemplateLoader.findTemplateSource("spark/partials/head.ftl"): Found
2021-07-26 10:35:17,878 DEBUG [main] cache:45 - Loading template for "spark/partials/head.ftl"("en_IN", UTF-8, parsed) from "jar:file:/C:/Users/Maheshwar%20Pandey/.m2/repository/com/aventstack/extentreports/5.0.8/extentreports-5.0.8.jar!/com/aventstack/extentreports/templates/spark/partials/head.ftl"
2021-07-26 10:35:17,898 DEBUG [main] cache:45 - Couldn't find template in cache for "commons/commons-inject-css.ftl"("en_IN", UTF-8, parsed); will try to load it.
2021-07-26 10:35:17,900 DEBUG [main] cache:45 - TemplateLoader.findTemplateSource("commons/commons-inject-css_en_IN.ftl"): Not found
2021-07-26 10:35:17,903 DEBUG [main] cache:45 - TemplateLoader.findTemplateSource("commons/commons-inject-css_en.ftl"): Not found
2021-07-26 10:35:17,906 DEBUG [main] cache:45 - TemplateLoader.findTemplateSource("commons/commons-inject-css.ftl"): Found
2021-07-26 10:35:17,908 DEBUG [main] cache:45 - Loading template for "commons/commons-inject-css.ftl"("en_IN", UTF-8, parsed) from "jar:file:/C:/Users/Maheshwar%20Pandey/.m2/repository/com/aventstack/extentreports/5.0.8/extentreports-5.0.8.jar!/com/aventstack/extentreports/templates/commons/commons-inject-css.ftl"
2021-07-26 10:35:17,913 DEBUG [main] cache:45 - Couldn't find template in cache for "spark/partials/navbar.ftl"("en_IN", UTF-8, parsed); will try to load it.
2021-07-26 10:35:17,921 DEBUG [main] cache:45 - TemplateLoader.findTemplateSource("spark/partials/navbar_en_IN.ftl"): Not found
2021-07-26 10:35:17,923 DEBUG [main] cache:45 - TemplateLoader.findTemplateSource("spark/partials/navbar_en.ftl"): Not found
2021-07-26 10:35:17,930 DEBUG [main] cache:45 - TemplateLoader.findTemplateSource("spark/partials/navbar.ftl"): Found
2021-07-26 10:35:17,931 DEBUG [main] cache:45 - Loading template for "spark/partials/navbar.ftl"("en_IN", UTF-8, parsed) from "jar:file:/C:/Users/Maheshwar%20Pandey/.m2/repository/com/aventstack/extentreports/5.0.8/extentreports-5.0.8.jar!/com/aventstack/extentreports/templates/spark/partials/navbar.ftl"
2021-07-26 10:35:17,954 DEBUG [main] cache:45 - Couldn't find template in cache for "spark/partials/sidenav.ftl"("en_IN", UTF-8, parsed); will try to load it.
2021-07-26 10:35:17,955 DEBUG [main] cache:45 - TemplateLoader.findTemplateSource("spark/partials/sidenav_en_IN.ftl"): Not found
2021-07-26 10:35:17,957 DEBUG [main] cache:45 - TemplateLoader.findTemplateSource("spark/partials/sidenav_en.ftl"): Not found
2021-07-26 10:35:17,960 DEBUG [main] cache:45 - TemplateLoader.findTemplateSource("spark/partials/sidenav.ftl"): Found
2021-07-26 10:35:17,961 DEBUG [main] cache:45 - Loading template for "spark/partials/sidenav.ftl"("en_IN", UTF-8, parsed) from "jar:file:/C:/Users/Maheshwar%20Pandey/.m2/repository/com/aventstack/extentreports/5.0.8/extentreports-5.0.8.jar!/com/aventstack/extentreports/templates/spark/partials/sidenav.ftl"
2021-07-26 10:35:18,047 DEBUG [main] cache:45 - Couldn't find template in cache for "spark/partials/test.ftl"("en_IN", UTF-8, parsed); will try to load it.
2021-07-26 10:35:18,050 DEBUG [main] cache:45 - TemplateLoader.findTemplateSource("spark/partials/test_en_IN.ftl"): Not found
2021-07-26 10:35:18,052 DEBUG [main] cache:45 - TemplateLoader.findTemplateSource("spark/partials/test_en.ftl"): Not found
2021-07-26 10:35:18,055 DEBUG [main] cache:45 - TemplateLoader.findTemplateSource("spark/partials/test.ftl"): Found
2021-07-26 10:35:18,063 DEBUG [main] cache:45 - Loading template for "spark/partials/test.ftl"("en_IN", UTF-8, parsed) from "jar:file:/C:/Users/Maheshwar%20Pandey/.m2/repository/com/aventstack/extentreports/5.0.8/extentreports-5.0.8.jar!/com/aventstack/extentreports/templates/spark/partials/test.ftl"
2021-07-26 10:35:18,201 DEBUG [main] cache:45 - Couldn't find template in cache for "spark/partials/standard-content.ftl"("en_IN", UTF-8, parsed); will try to load it.
2021-07-26 10:35:18,203 DEBUG [main] cache:45 - TemplateLoader.findTemplateSource("spark/partials/standard-content_en_IN.ftl"): Not found
2021-07-26 10:35:18,206 DEBUG [main] cache:45 - TemplateLoader.findTemplateSource("spark/partials/standard-content_en.ftl"): Not found
2021-07-26 10:35:18,208 DEBUG [main] cache:45 - TemplateLoader.findTemplateSource("spark/partials/standard-content.ftl"): Found
2021-07-26 10:35:18,209 DEBUG [main] cache:45 - Loading template for "spark/partials/standard-content.ftl"("en_IN", UTF-8, parsed) from "jar:file:/C:/Users/Maheshwar%20Pandey/.m2/repository/com/aventstack/extentreports/5.0.8/extentreports-5.0.8.jar!/com/aventstack/extentreports/templates/spark/partials/standard-content.ftl"
2021-07-26 10:35:18,222 DEBUG [main] cache:45 - Couldn't find template in cache for "spark/partials/exception.ftl"("en_IN", UTF-8, parsed); will try to load it.
2021-07-26 10:35:18,224 DEBUG [main] cache:45 - TemplateLoader.findTemplateSource("spark/partials/exception_en_IN.ftl"): Not found
2021-07-26 10:35:18,245 DEBUG [main] cache:45 - TemplateLoader.findTemplateSource("spark/partials/exception_en.ftl"): Not found
2021-07-26 10:35:18,251 DEBUG [main] cache:45 - TemplateLoader.findTemplateSource("spark/partials/exception.ftl"): Found
2021-07-26 10:35:18,271 DEBUG [main] cache:45 - Loading template for "spark/partials/exception.ftl"("en_IN", UTF-8, parsed) from "jar:file:/C:/Users/Maheshwar%20Pandey/.m2/repository/com/aventstack/extentreports/5.0.8/extentreports-5.0.8.jar!/com/aventstack/extentreports/templates/spark/partials/exception.ftl"
2021-07-26 10:35:18,276 DEBUG [main] cache:45 - Couldn't find template in cache for "spark/partials/category.ftl"("en_IN", UTF-8, parsed); will try to load it.
2021-07-26 10:35:18,289 DEBUG [main] cache:45 - TemplateLoader.findTemplateSource("spark/partials/category_en_IN.ftl"): Not found
2021-07-26 10:35:18,293 DEBUG [main] cache:45 - TemplateLoader.findTemplateSource("spark/partials/category_en.ftl"): Not found
2021-07-26 10:35:18,295 DEBUG [main] cache:45 - TemplateLoader.findTemplateSource("spark/partials/category.ftl"): Found
2021-07-26 10:35:18,297 DEBUG [main] cache:45 - Loading template for "spark/partials/category.ftl"("en_IN", UTF-8, parsed) from "jar:file:/C:/Users/Maheshwar%20Pandey/.m2/repository/com/aventstack/extentreports/5.0.8/extentreports-5.0.8.jar!/com/aventstack/extentreports/templates/spark/partials/category.ftl"
2021-07-26 10:35:18,304 DEBUG [main] cache:45 - Couldn't find template in cache for "spark/partials/device.ftl"("en_IN", UTF-8, parsed); will try to load it.
2021-07-26 10:35:18,308 DEBUG [main] cache:45 - TemplateLoader.findTemplateSource("spark/partials/device_en_IN.ftl"): Not found
2021-07-26 10:35:18,313 DEBUG [main] cache:45 - TemplateLoader.findTemplateSource("spark/partials/device_en.ftl"): Not found
2021-07-26 10:35:18,316 DEBUG [main] cache:45 - TemplateLoader.findTemplateSource("spark/partials/device.ftl"): Found
2021-07-26 10:35:18,319 DEBUG [main] cache:45 - Loading template for "spark/partials/device.ftl"("en_IN", UTF-8, parsed) from "jar:file:/C:/Users/Maheshwar%20Pandey/.m2/repository/com/aventstack/extentreports/5.0.8/extentreports-5.0.8.jar!/com/aventstack/extentreports/templates/spark/partials/device.ftl"
2021-07-26 10:35:18,323 DEBUG [main] cache:45 - Couldn't find template in cache for "spark/partials/author.ftl"("en_IN", UTF-8, parsed); will try to load it.
2021-07-26 10:35:18,324 DEBUG [main] cache:45 - TemplateLoader.findTemplateSource("spark/partials/author_en_IN.ftl"): Not found
2021-07-26 10:35:18,326 DEBUG [main] cache:45 - TemplateLoader.findTemplateSource("spark/partials/author_en.ftl"): Not found
2021-07-26 10:35:18,378 DEBUG [main] cache:45 - TemplateLoader.findTemplateSource("spark/partials/author.ftl"): Found
2021-07-26 10:35:18,385 DEBUG [main] cache:45 - Loading template for "spark/partials/author.ftl"("en_IN", UTF-8, parsed) from "jar:file:/C:/Users/Maheshwar%20Pandey/.m2/repository/com/aventstack/extentreports/5.0.8/extentreports-5.0.8.jar!/com/aventstack/extentreports/templates/spark/partials/author.ftl"
2021-07-26 10:35:18,390 DEBUG [main] cache:45 - Couldn't find template in cache for "spark/partials/log.ftl"("en_IN", UTF-8, parsed); will try to load it.
2021-07-26 10:35:18,395 DEBUG [main] cache:45 - TemplateLoader.findTemplateSource("spark/partials/log_en_IN.ftl"): Not found
2021-07-26 10:35:18,397 DEBUG [main] cache:45 - TemplateLoader.findTemplateSource("spark/partials/log_en.ftl"): Not found
2021-07-26 10:35:18,400 DEBUG [main] cache:45 - TemplateLoader.findTemplateSource("spark/partials/log.ftl"): Found
2021-07-26 10:35:18,401 DEBUG [main] cache:45 - Loading template for "spark/partials/log.ftl"("en_IN", UTF-8, parsed) from "jar:file:/C:/Users/Maheshwar%20Pandey/.m2/repository/com/aventstack/extentreports/5.0.8/extentreports-5.0.8.jar!/com/aventstack/extentreports/templates/spark/partials/log.ftl"
2021-07-26 10:35:18,420 DEBUG [main] cache:45 - Couldn't find template in cache for "spark/partials/dashboard.ftl"("en_IN", UTF-8, parsed); will try to load it.
2021-07-26 10:35:18,421 DEBUG [main] cache:45 - TemplateLoader.findTemplateSource("spark/partials/dashboard_en_IN.ftl"): Not found
2021-07-26 10:35:18,423 DEBUG [main] cache:45 - TemplateLoader.findTemplateSource("spark/partials/dashboard_en.ftl"): Not found
2021-07-26 10:35:18,426 DEBUG [main] cache:45 - TemplateLoader.findTemplateSource("spark/partials/dashboard.ftl"): Found
2021-07-26 10:35:18,428 DEBUG [main] cache:45 - Loading template for "spark/partials/dashboard.ftl"("en_IN", UTF-8, parsed) from "jar:file:/C:/Users/Maheshwar%20Pandey/.m2/repository/com/aventstack/extentreports/5.0.8/extentreports-5.0.8.jar!/com/aventstack/extentreports/templates/spark/partials/dashboard.ftl"
2021-07-26 10:35:19,069 DEBUG [main] cache:45 - Couldn't find template in cache for "spark/partials/scripts.ftl"("en_IN", UTF-8, parsed); will try to load it.
2021-07-26 10:35:19,071 DEBUG [main] cache:45 - TemplateLoader.findTemplateSource("spark/partials/scripts_en_IN.ftl"): Not found
2021-07-26 10:35:19,074 DEBUG [main] cache:45 - TemplateLoader.findTemplateSource("spark/partials/scripts_en.ftl"): Not found
2021-07-26 10:35:19,075 DEBUG [main] cache:45 - TemplateLoader.findTemplateSource("spark/partials/scripts.ftl"): Found
2021-07-26 10:35:19,086 DEBUG [main] cache:45 - Loading template for "spark/partials/scripts.ftl"("en_IN", UTF-8, parsed) from "jar:file:/C:/Users/Maheshwar%20Pandey/.m2/repository/com/aventstack/extentreports/5.0.8/extentreports-5.0.8.jar!/com/aventstack/extentreports/templates/spark/partials/scripts.ftl"
2021-07-26 10:35:19,090 DEBUG [main] cache:45 - Couldn't find template in cache for "commons/commons-inject-js.ftl"("en_IN", UTF-8, parsed); will try to load it.
2021-07-26 10:35:19,097 DEBUG [main] cache:45 - TemplateLoader.findTemplateSource("commons/commons-inject-js_en_IN.ftl"): Not found
2021-07-26 10:35:19,118 DEBUG [main] cache:45 - TemplateLoader.findTemplateSource("commons/commons-inject-js_en.ftl"): Not found
2021-07-26 10:35:19,124 DEBUG [main] cache:45 - TemplateLoader.findTemplateSource("commons/commons-inject-js.ftl"): Found
2021-07-26 10:35:19,125 DEBUG [main] cache:45 - Loading template for "commons/commons-inject-js.ftl"("en_IN", UTF-8, parsed) from "jar:file:/C:/Users/Maheshwar%20Pandey/.m2/repository/com/aventstack/extentreports/5.0.8/extentreports-5.0.8.jar!/com/aventstack/extentreports/templates/commons/commons-inject-js.ftl"
2021-07-26 10:35:23,779 DEBUG [main] cache:45 - TemplateLoader.findTemplateSource("spark/spark.spa_en_IN.ftl"): Not found
2021-07-26 10:35:23,787 DEBUG [main] cache:45 - TemplateLoader.findTemplateSource("spark/spark.spa_en.ftl"): Not found
2021-07-26 10:35:23,789 DEBUG [main] cache:45 - TemplateLoader.findTemplateSource("spark/spark.spa.ftl"): Found
2021-07-26 10:35:23,790 DEBUG [main] cache:45 - "spark/spark.spa.ftl"("en_IN", UTF-8, parsed): using cached since jar:file:/C:/Users/Maheshwar%20Pandey/.m2/repository/com/aventstack/extentreports/5.0.8/extentreports-5.0.8.jar!/com/aventstack/extentreports/templates/spark/spark.spa.ftl hasn't changed.
2021-07-26 10:35:23,793 DEBUG [main] cache:45 - TemplateLoader.findTemplateSource("commons/commons-variables_en_IN.ftl"): Not found
2021-07-26 10:35:23,794 DEBUG [main] cache:45 - TemplateLoader.findTemplateSource("commons/commons-variables_en.ftl"): Not found
2021-07-26 10:35:23,796 DEBUG [main] cache:45 - TemplateLoader.findTemplateSource("commons/commons-variables.ftl"): Found
2021-07-26 10:35:23,798 DEBUG [main] cache:45 - "commons/commons-variables.ftl"("en_IN", UTF-8, parsed): using cached since jar:file:/C:/Users/Maheshwar%20Pandey/.m2/repository/com/aventstack/extentreports/5.0.8/extentreports-5.0.8.jar!/com/aventstack/extentreports/templates/commons/commons-variables.ftl hasn't changed.
2021-07-26 10:35:23,804 DEBUG [main] cache:45 - TemplateLoader.findTemplateSource("commons/commons-macros_en_IN.ftl"): Not found
2021-07-26 10:35:23,806 DEBUG [main] cache:45 - TemplateLoader.findTemplateSource("commons/commons-macros_en.ftl"): Not found
2021-07-26 10:35:23,808 DEBUG [main] cache:45 - TemplateLoader.findTemplateSource("commons/commons-macros.ftl"): Found
2021-07-26 10:35:23,826 DEBUG [main] cache:45 - "commons/commons-macros.ftl"("en_IN", UTF-8, parsed): using cached since jar:file:/C:/Users/Maheshwar%20Pandey/.m2/repository/com/aventstack/extentreports/5.0.8/extentreports-5.0.8.jar!/com/aventstack/extentreports/templates/commons/commons-macros.ftl hasn't changed.
2021-07-26 10:35:23,851 DEBUG [main] cache:45 - TemplateLoader.findTemplateSource("spark/macros/attributes_en_IN.ftl"): Not found
2021-07-26 10:35:23,870 DEBUG [main] cache:45 - TemplateLoader.findTemplateSource("spark/macros/attributes_en.ftl"): Not found
2021-07-26 10:35:23,872 DEBUG [main] cache:45 - TemplateLoader.findTemplateSource("spark/macros/attributes.ftl"): Found
2021-07-26 10:35:23,877 DEBUG [main] cache:45 - "spark/macros/attributes.ftl"("en_IN", UTF-8, parsed): using cached since jar:file:/C:/Users/Maheshwar%20Pandey/.m2/repository/com/aventstack/extentreports/5.0.8/extentreports-5.0.8.jar!/com/aventstack/extentreports/templates/spark/macros/attributes.ftl hasn't changed.
2021-07-26 10:35:23,881 DEBUG [main] cache:45 - TemplateLoader.findTemplateSource("spark/macros/log_en_IN.ftl"): Not found
2021-07-26 10:35:23,889 DEBUG [main] cache:45 - TemplateLoader.findTemplateSource("spark/macros/log_en.ftl"): Not found
2021-07-26 10:35:23,892 DEBUG [main] cache:45 - TemplateLoader.findTemplateSource("spark/macros/log.ftl"): Found
2021-07-26 10:35:23,893 DEBUG [main] cache:45 - "spark/macros/log.ftl"("en_IN", UTF-8, parsed): using cached since jar:file:/C:/Users/Maheshwar%20Pandey/.m2/repository/com/aventstack/extentreports/5.0.8/extentreports-5.0.8.jar!/com/aventstack/extentreports/templates/spark/macros/log.ftl hasn't changed.
2021-07-26 10:35:23,897 DEBUG [main] cache:45 - TemplateLoader.findTemplateSource("spark/macros/recurse_nodes_en_IN.ftl"): Not found
2021-07-26 10:35:23,901 DEBUG [main] cache:45 - TemplateLoader.findTemplateSource("spark/macros/recurse_nodes_en.ftl"): Not found
2021-07-26 10:35:23,903 DEBUG [main] cache:45 - TemplateLoader.findTemplateSource("spark/macros/recurse_nodes.ftl"): Found
2021-07-26 10:35:23,909 DEBUG [main] cache:45 - "spark/macros/recurse_nodes.ftl"("en_IN", UTF-8, parsed): using cached since jar:file:/C:/Users/Maheshwar%20Pandey/.m2/repository/com/aventstack/extentreports/5.0.8/extentreports-5.0.8.jar!/com/aventstack/extentreports/templates/spark/macros/recurse_nodes.ftl hasn't changed.
2021-07-26 10:35:23,911 DEBUG [main] cache:45 - "spark/macros/log.ftl"("en_IN", UTF-8, parsed) cached copy not yet stale; using cached.
2021-07-26 10:35:23,913 DEBUG [main] cache:45 - TemplateLoader.findTemplateSource("spark/macros/attr-common_en_IN.ftl"): Not found
2021-07-26 10:35:23,934 DEBUG [main] cache:45 - TemplateLoader.findTemplateSource("spark/macros/attr-common_en.ftl"): Not found
2021-07-26 10:35:23,935 DEBUG [main] cache:45 - TemplateLoader.findTemplateSource("spark/macros/attr-common.ftl"): Found
2021-07-26 10:35:23,936 DEBUG [main] cache:45 - "spark/macros/attr-common.ftl"("en_IN", UTF-8, parsed): using cached since jar:file:/C:/Users/Maheshwar%20Pandey/.m2/repository/com/aventstack/extentreports/5.0.8/extentreports-5.0.8.jar!/com/aventstack/extentreports/templates/spark/macros/attr-common.ftl hasn't changed.
2021-07-26 10:35:23,938 DEBUG [main] cache:45 - TemplateLoader.findTemplateSource("spark/partials/head_en_IN.ftl"): Not found
2021-07-26 10:35:23,940 DEBUG [main] cache:45 - TemplateLoader.findTemplateSource("spark/partials/head_en.ftl"): Not found
2021-07-26 10:35:23,941 DEBUG [main] cache:45 - TemplateLoader.findTemplateSource("spark/partials/head.ftl"): Found
2021-07-26 10:35:23,943 DEBUG [main] cache:45 - "spark/partials/head.ftl"("en_IN", UTF-8, parsed): using cached since jar:file:/C:/Users/Maheshwar%20Pandey/.m2/repository/com/aventstack/extentreports/5.0.8/extentreports-5.0.8.jar!/com/aventstack/extentreports/templates/spark/partials/head.ftl hasn't changed.
2021-07-26 10:35:23,957 DEBUG [main] cache:45 - TemplateLoader.findTemplateSource("commons/commons-inject-css_en_IN.ftl"): Not found
2021-07-26 10:35:23,959 DEBUG [main] cache:45 - TemplateLoader.findTemplateSource("commons/commons-inject-css_en.ftl"): Not found
2021-07-26 10:35:23,961 DEBUG [main] cache:45 - TemplateLoader.findTemplateSource("commons/commons-inject-css.ftl"): Found
2021-07-26 10:35:23,962 DEBUG [main] cache:45 - "commons/commons-inject-css.ftl"("en_IN", UTF-8, parsed): using cached since jar:file:/C:/Users/Maheshwar%20Pandey/.m2/repository/com/aventstack/extentreports/5.0.8/extentreports-5.0.8.jar!/com/aventstack/extentreports/templates/commons/commons-inject-css.ftl hasn't changed.
2021-07-26 10:35:23,980 DEBUG [main] cache:45 - TemplateLoader.findTemplateSource("spark/partials/navbar_en_IN.ftl"): Not found
2021-07-26 10:35:23,981 DEBUG [main] cache:45 - TemplateLoader.findTemplateSource("spark/partials/navbar_en.ftl"): Not found
2021-07-26 10:35:23,984 DEBUG [main] cache:45 - TemplateLoader.findTemplateSource("spark/partials/navbar.ftl"): Found
2021-07-26 10:35:23,986 DEBUG [main] cache:45 - "spark/partials/navbar.ftl"("en_IN", UTF-8, parsed): using cached since jar:file:/C:/Users/Maheshwar%20Pandey/.m2/repository/com/aventstack/extentreports/5.0.8/extentreports-5.0.8.jar!/com/aventstack/extentreports/templates/spark/partials/navbar.ftl hasn't changed.
2021-07-26 10:35:23,989 DEBUG [main] cache:45 - TemplateLoader.findTemplateSource("spark/partials/sidenav_en_IN.ftl"): Not found
2021-07-26 10:35:23,996 DEBUG [main] cache:45 - TemplateLoader.findTemplateSource("spark/partials/sidenav_en.ftl"): Not found
2021-07-26 10:35:24,014 DEBUG [main] cache:45 - TemplateLoader.findTemplateSource("spark/partials/sidenav.ftl"): Found
2021-07-26 10:35:24,015 DEBUG [main] cache:45 - "spark/partials/sidenav.ftl"("en_IN", UTF-8, parsed): using cached since jar:file:/C:/Users/Maheshwar%20Pandey/.m2/repository/com/aventstack/extentreports/5.0.8/extentreports-5.0.8.jar!/com/aventstack/extentreports/templates/spark/partials/sidenav.ftl hasn't changed.
2021-07-26 10:35:24,058 DEBUG [main] cache:45 - TemplateLoader.findTemplateSource("spark/partials/test_en_IN.ftl"): Not found
2021-07-26 10:35:24,060 DEBUG [main] cache:45 - TemplateLoader.findTemplateSource("spark/partials/test_en.ftl"): Not found
2021-07-26 10:35:24,062 DEBUG [main] cache:45 - TemplateLoader.findTemplateSource("spark/partials/test.ftl"): Found
2021-07-26 10:35:24,063 DEBUG [main] cache:45 - "spark/partials/test.ftl"("en_IN", UTF-8, parsed): using cached since jar:file:/C:/Users/Maheshwar%20Pandey/.m2/repository/com/aventstack/extentreports/5.0.8/extentreports-5.0.8.jar!/com/aventstack/extentreports/templates/spark/partials/test.ftl hasn't changed.
2021-07-26 10:35:24,076 DEBUG [main] cache:45 - TemplateLoader.findTemplateSource("spark/partials/standard-content_en_IN.ftl"): Not found
2021-07-26 10:35:24,077 DEBUG [main] cache:45 - TemplateLoader.findTemplateSource("spark/partials/standard-content_en.ftl"): Not found
2021-07-26 10:35:24,078 DEBUG [main] cache:45 - TemplateLoader.findTemplateSource("spark/partials/standard-content.ftl"): Found
2021-07-26 10:35:24,079 DEBUG [main] cache:45 - "spark/partials/standard-content.ftl"("en_IN", UTF-8, parsed): using cached since jar:file:/C:/Users/Maheshwar%20Pandey/.m2/repository/com/aventstack/extentreports/5.0.8/extentreports-5.0.8.jar!/com/aventstack/extentreports/templates/spark/partials/standard-content.ftl hasn't changed.
2021-07-26 10:35:24,084 DEBUG [main] cache:45 - TemplateLoader.findTemplateSource("spark/partials/exception_en_IN.ftl"): Not found
2021-07-26 10:35:24,110 DEBUG [main] cache:45 - TemplateLoader.findTemplateSource("spark/partials/exception_en.ftl"): Not found
2021-07-26 10:35:24,112 DEBUG [main] cache:45 - TemplateLoader.findTemplateSource("spark/partials/exception.ftl"): Found
2021-07-26 10:35:24,114 DEBUG [main] cache:45 - "spark/partials/exception.ftl"("en_IN", UTF-8, parsed): using cached since jar:file:/C:/Users/Maheshwar%20Pandey/.m2/repository/com/aventstack/extentreports/5.0.8/extentreports-5.0.8.jar!/com/aventstack/extentreports/templates/spark/partials/exception.ftl hasn't changed.
2021-07-26 10:35:24,117 DEBUG [main] cache:45 - TemplateLoader.findTemplateSource("spark/partials/category_en_IN.ftl"): Not found
2021-07-26 10:35:24,119 DEBUG [main] cache:45 - TemplateLoader.findTemplateSource("spark/partials/category_en.ftl"): Not found
2021-07-26 10:35:24,120 DEBUG [main] cache:45 - TemplateLoader.findTemplateSource("spark/partials/category.ftl"): Found
2021-07-26 10:35:24,121 DEBUG [main] cache:45 - "spark/partials/category.ftl"("en_IN", UTF-8, parsed): using cached since jar:file:/C:/Users/Maheshwar%20Pandey/.m2/repository/com/aventstack/extentreports/5.0.8/extentreports-5.0.8.jar!/com/aventstack/extentreports/templates/spark/partials/category.ftl hasn't changed.
2021-07-26 10:35:24,124 DEBUG [main] cache:45 - TemplateLoader.findTemplateSource("spark/partials/device_en_IN.ftl"): Not found
2021-07-26 10:35:24,125 DEBUG [main] cache:45 - TemplateLoader.findTemplateSource("spark/partials/device_en.ftl"): Not found
2021-07-26 10:35:24,127 DEBUG [main] cache:45 - TemplateLoader.findTemplateSource("spark/partials/device.ftl"): Found
2021-07-26 10:35:24,128 DEBUG [main] cache:45 - "spark/partials/device.ftl"("en_IN", UTF-8, parsed): using cached since jar:file:/C:/Users/Maheshwar%20Pandey/.m2/repository/com/aventstack/extentreports/5.0.8/extentreports-5.0.8.jar!/com/aventstack/extentreports/templates/spark/partials/device.ftl hasn't changed.
2021-07-26 10:35:24,134 DEBUG [main] cache:45 - TemplateLoader.findTemplateSource("spark/partials/author_en_IN.ftl"): Not found
2021-07-26 10:35:24,136 DEBUG [main] cache:45 - TemplateLoader.findTemplateSource("spark/partials/author_en.ftl"): Not found
2021-07-26 10:35:24,137 DEBUG [main] cache:45 - TemplateLoader.findTemplateSource("spark/partials/author.ftl"): Found
2021-07-26 10:35:24,138 DEBUG [main] cache:45 - "spark/partials/author.ftl"("en_IN", UTF-8, parsed): using cached since jar:file:/C:/Users/Maheshwar%20Pandey/.m2/repository/com/aventstack/extentreports/5.0.8/extentreports-5.0.8.jar!/com/aventstack/extentreports/templates/spark/partials/author.ftl hasn't changed.
2021-07-26 10:35:24,141 DEBUG [main] cache:45 - TemplateLoader.findTemplateSource("spark/partials/log_en_IN.ftl"): Not found
2021-07-26 10:35:24,143 DEBUG [main] cache:45 - TemplateLoader.findTemplateSource("spark/partials/log_en.ftl"): Not found
2021-07-26 10:35:24,144 DEBUG [main] cache:45 - TemplateLoader.findTemplateSource("spark/partials/log.ftl"): Found
2021-07-26 10:35:24,146 DEBUG [main] cache:45 - "spark/partials/log.ftl"("en_IN", UTF-8, parsed): using cached since jar:file:/C:/Users/Maheshwar%20Pandey/.m2/repository/com/aventstack/extentreports/5.0.8/extentreports-5.0.8.jar!/com/aventstack/extentreports/templates/spark/partials/log.ftl hasn't changed.
2021-07-26 10:35:24,148 DEBUG [main] cache:45 - TemplateLoader.findTemplateSource("spark/partials/dashboard_en_IN.ftl"): Not found
2021-07-26 10:35:24,151 DEBUG [main] cache:45 - TemplateLoader.findTemplateSource("spark/partials/dashboard_en.ftl"): Not found
2021-07-26 10:35:24,152 DEBUG [main] cache:45 - TemplateLoader.findTemplateSource("spark/partials/dashboard.ftl"): Found
2021-07-26 10:35:24,154 DEBUG [main] cache:45 - "spark/partials/dashboard.ftl"("en_IN", UTF-8, parsed): using cached since jar:file:/C:/Users/Maheshwar%20Pandey/.m2/repository/com/aventstack/extentreports/5.0.8/extentreports-5.0.8.jar!/com/aventstack/extentreports/templates/spark/partials/dashboard.ftl hasn't changed.
2021-07-26 10:35:24,218 DEBUG [main] cache:45 - TemplateLoader.findTemplateSource("spark/partials/scripts_en_IN.ftl"): Not found
2021-07-26 10:35:24,219 DEBUG [main] cache:45 - TemplateLoader.findTemplateSource("spark/partials/scripts_en.ftl"): Not found
2021-07-26 10:35:24,221 DEBUG [main] cache:45 - TemplateLoader.findTemplateSource("spark/partials/scripts.ftl"): Found
2021-07-26 10:35:24,222 DEBUG [main] cache:45 - "spark/partials/scripts.ftl"("en_IN", UTF-8, parsed): using cached since jar:file:/C:/Users/Maheshwar%20Pandey/.m2/repository/com/aventstack/extentreports/5.0.8/extentreports-5.0.8.jar!/com/aventstack/extentreports/templates/spark/partials/scripts.ftl hasn't changed.
2021-07-26 10:35:24,225 DEBUG [main] cache:45 - TemplateLoader.findTemplateSource("commons/commons-inject-js_en_IN.ftl"): Not found
2021-07-26 10:35:24,226 DEBUG [main] cache:45 - TemplateLoader.findTemplateSource("commons/commons-inject-js_en.ftl"): Not found
2021-07-26 10:35:24,228 DEBUG [main] cache:45 - TemplateLoader.findTemplateSource("commons/commons-inject-js.ftl"): Found
2021-07-26 10:35:24,230 DEBUG [main] cache:45 - "commons/commons-inject-js.ftl"("en_IN", UTF-8, parsed): using cached since jar:file:/C:/Users/Maheshwar%20Pandey/.m2/repository/com/aventstack/extentreports/5.0.8/extentreports-5.0.8.jar!/com/aventstack/extentreports/templates/commons/commons-inject-js.ftl hasn't changed.
2021-07-26 10:35:37,486  INFO [main] TestBase:70 - entering the url
2021-07-26 10:35:44,713  INFO [main] TestBase:56 - entered the username and pwd
2021-07-26 10:35:44,749  INFO [main] TestBase:58 - Validating the title
2021-07-26 10:35:49,623  INFO [main] TestBase:60 - click on add
2021-07-26 10:35:54,426  INFO [main] TestBase:63 - Added Sucessfully!
2021-07-26 10:35:58,433 DEBUG [main] cache:45 - Couldn't find template in cache for "spark/spark.spa.ftl"("en_IN", UTF-8, parsed); will try to load it.
2021-07-26 10:35:58,434 DEBUG [main] cache:45 - TemplateLoader.findTemplateSource("spark/spark.spa_en_IN.ftl"): Not found
2021-07-26 10:35:58,435 DEBUG [main] cache:45 - TemplateLoader.findTemplateSource("spark/spark.spa_en.ftl"): Not found
2021-07-26 10:35:58,436 DEBUG [main] cache:45 - TemplateLoader.findTemplateSource("spark/spark.spa.ftl"): Found
2021-07-26 10:35:58,437 DEBUG [main] cache:45 - Loading template for "spark/spark.spa.ftl"("en_IN", UTF-8, parsed) from "jar:file:/C:/Users/Maheshwar%20Pandey/.m2/repository/com/aventstack/extentreports/5.0.8/extentreports-5.0.8.jar!/com/aventstack/extentreports/templates/spark/spark.spa.ftl"
2021-07-26 10:35:58,445 DEBUG [main] cache:45 - Couldn't find template in cache for "commons/commons-variables.ftl"("en_IN", UTF-8, parsed); will try to load it.
2021-07-26 10:35:58,446 DEBUG [main] cache:45 - TemplateLoader.findTemplateSource("commons/commons-variables_en_IN.ftl"): Not found
2021-07-26 10:35:58,447 DEBUG [main] cache:45 - TemplateLoader.findTemplateSource("commons/commons-variables_en.ftl"): Not found
2021-07-26 10:35:58,450 DEBUG [main] cache:45 - TemplateLoader.findTemplateSource("commons/commons-variables.ftl"): Found
2021-07-26 10:35:58,451 DEBUG [main] cache:45 - Loading template for "commons/commons-variables.ftl"("en_IN", UTF-8, parsed) from "jar:file:/C:/Users/Maheshwar%20Pandey/.m2/repository/com/aventstack/extentreports/5.0.8/extentreports-5.0.8.jar!/com/aventstack/extentreports/templates/commons/commons-variables.ftl"
2021-07-26 10:35:58,463 DEBUG [main] cache:45 - Couldn't find template in cache for "commons/commons-macros.ftl"("en_IN", UTF-8, parsed); will try to load it.
2021-07-26 10:35:58,465 DEBUG [main] cache:45 - TemplateLoader.findTemplateSource("commons/commons-macros_en_IN.ftl"): Not found
2021-07-26 10:35:58,467 DEBUG [main] cache:45 - TemplateLoader.findTemplateSource("commons/commons-macros_en.ftl"): Not found
2021-07-26 10:35:58,513 DEBUG [main] cache:45 - TemplateLoader.findTemplateSource("commons/commons-macros.ftl"): Found
2021-07-26 10:35:58,518 DEBUG [main] cache:45 - Loading template for "commons/commons-macros.ftl"("en_IN", UTF-8, parsed) from "jar:file:/C:/Users/Maheshwar%20Pandey/.m2/repository/com/aventstack/extentreports/5.0.8/extentreports-5.0.8.jar!/com/aventstack/extentreports/templates/commons/commons-macros.ftl"
2021-07-26 10:35:58,530 DEBUG [main] cache:45 - Couldn't find template in cache for "spark/macros/attributes.ftl"("en_IN", UTF-8, parsed); will try to load it.
2021-07-26 10:35:58,546 DEBUG [main] cache:45 - TemplateLoader.findTemplateSource("spark/macros/attributes_en_IN.ftl"): Not found
2021-07-26 10:35:58,547 DEBUG [main] cache:45 - TemplateLoader.findTemplateSource("spark/macros/attributes_en.ftl"): Not found
2021-07-26 10:35:58,552 DEBUG [main] cache:45 - TemplateLoader.findTemplateSource("spark/macros/attributes.ftl"): Found
2021-07-26 10:35:58,553 DEBUG [main] cache:45 - Loading template for "spark/macros/attributes.ftl"("en_IN", UTF-8, parsed) from "jar:file:/C:/Users/Maheshwar%20Pandey/.m2/repository/com/aventstack/extentreports/5.0.8/extentreports-5.0.8.jar!/com/aventstack/extentreports/templates/spark/macros/attributes.ftl"
2021-07-26 10:35:58,559 DEBUG [main] cache:45 - Couldn't find template in cache for "spark/macros/log.ftl"("en_IN", UTF-8, parsed); will try to load it.
2021-07-26 10:35:58,560 DEBUG [main] cache:45 - TemplateLoader.findTemplateSource("spark/macros/log_en_IN.ftl"): Not found
2021-07-26 10:35:58,561 DEBUG [main] cache:45 - TemplateLoader.findTemplateSource("spark/macros/log_en.ftl"): Not found
2021-07-26 10:35:58,562 DEBUG [main] cache:45 - TemplateLoader.findTemplateSource("spark/macros/log.ftl"): Found
2021-07-26 10:35:58,563 DEBUG [main] cache:45 - Loading template for "spark/macros/log.ftl"("en_IN", UTF-8, parsed) from "jar:file:/C:/Users/Maheshwar%20Pandey/.m2/repository/com/aventstack/extentreports/5.0.8/extentreports-5.0.8.jar!/com/aventstack/extentreports/templates/spark/macros/log.ftl"
2021-07-26 10:35:58,687 DEBUG [main] cache:45 - Couldn't find template in cache for "spark/macros/recurse_nodes.ftl"("en_IN", UTF-8, parsed); will try to load it.
2021-07-26 10:35:58,687 DEBUG [main] cache:45 - TemplateLoader.findTemplateSource("spark/macros/recurse_nodes_en_IN.ftl"): Not found
2021-07-26 10:35:58,690 DEBUG [main] cache:45 - TemplateLoader.findTemplateSource("spark/macros/recurse_nodes_en.ftl"): Not found
2021-07-26 10:35:58,691 DEBUG [main] cache:45 - TemplateLoader.findTemplateSource("spark/macros/recurse_nodes.ftl"): Found
2021-07-26 10:35:58,692 DEBUG [main] cache:45 - Loading template for "spark/macros/recurse_nodes.ftl"("en_IN", UTF-8, parsed) from "jar:file:/C:/Users/Maheshwar%20Pandey/.m2/repository/com/aventstack/extentreports/5.0.8/extentreports-5.0.8.jar!/com/aventstack/extentreports/templates/spark/macros/recurse_nodes.ftl"
2021-07-26 10:35:58,712 DEBUG [main] cache:45 - "spark/macros/log.ftl"("en_IN", UTF-8, parsed) cached copy not yet stale; using cached.
2021-07-26 10:35:58,713 DEBUG [main] cache:45 - Couldn't find template in cache for "spark/macros/attr-common.ftl"("en_IN", UTF-8, parsed); will try to load it.
2021-07-26 10:35:58,779 DEBUG [main] cache:45 - TemplateLoader.findTemplateSource("spark/macros/attr-common_en_IN.ftl"): Not found
2021-07-26 10:35:58,781 DEBUG [main] cache:45 - TemplateLoader.findTemplateSource("spark/macros/attr-common_en.ftl"): Not found
2021-07-26 10:35:58,784 DEBUG [main] cache:45 - TemplateLoader.findTemplateSource("spark/macros/attr-common.ftl"): Found
2021-07-26 10:35:58,786 DEBUG [main] cache:45 - Loading template for "spark/macros/attr-common.ftl"("en_IN", UTF-8, parsed) from "jar:file:/C:/Users/Maheshwar%20Pandey/.m2/repository/com/aventstack/extentreports/5.0.8/extentreports-5.0.8.jar!/com/aventstack/extentreports/templates/spark/macros/attr-common.ftl"
2021-07-26 10:35:58,963 DEBUG [main] cache:45 - Couldn't find template in cache for "spark/partials/head.ftl"("en_IN", UTF-8, parsed); will try to load it.
2021-07-26 10:35:58,967 DEBUG [main] cache:45 - TemplateLoader.findTemplateSource("spark/partials/head_en_IN.ftl"): Not found
2021-07-26 10:35:58,968 DEBUG [main] cache:45 - TemplateLoader.findTemplateSource("spark/partials/head_en.ftl"): Not found
2021-07-26 10:35:58,970 DEBUG [main] cache:45 - TemplateLoader.findTemplateSource("spark/partials/head.ftl"): Found
2021-07-26 10:35:58,970 DEBUG [main] cache:45 - Loading template for "spark/partials/head.ftl"("en_IN", UTF-8, parsed) from "jar:file:/C:/Users/Maheshwar%20Pandey/.m2/repository/com/aventstack/extentreports/5.0.8/extentreports-5.0.8.jar!/com/aventstack/extentreports/templates/spark/partials/head.ftl"
2021-07-26 10:35:58,984 DEBUG [main] cache:45 - Couldn't find template in cache for "commons/commons-inject-css.ftl"("en_IN", UTF-8, parsed); will try to load it.
2021-07-26 10:35:58,989 DEBUG [main] cache:45 - TemplateLoader.findTemplateSource("commons/commons-inject-css_en_IN.ftl"): Not found
2021-07-26 10:35:58,990 DEBUG [main] cache:45 - TemplateLoader.findTemplateSource("commons/commons-inject-css_en.ftl"): Not found
2021-07-26 10:35:58,991 DEBUG [main] cache:45 - TemplateLoader.findTemplateSource("commons/commons-inject-css.ftl"): Found
2021-07-26 10:35:58,992 DEBUG [main] cache:45 - Loading template for "commons/commons-inject-css.ftl"("en_IN", UTF-8, parsed) from "jar:file:/C:/Users/Maheshwar%20Pandey/.m2/repository/com/aventstack/extentreports/5.0.8/extentreports-5.0.8.jar!/com/aventstack/extentreports/templates/commons/commons-inject-css.ftl"
2021-07-26 10:35:58,995 DEBUG [main] cache:45 - Couldn't find template in cache for "spark/partials/navbar.ftl"("en_IN", UTF-8, parsed); will try to load it.
2021-07-26 10:35:58,996 DEBUG [main] cache:45 - TemplateLoader.findTemplateSource("spark/partials/navbar_en_IN.ftl"): Not found
2021-07-26 10:35:58,997 DEBUG [main] cache:45 - TemplateLoader.findTemplateSource("spark/partials/navbar_en.ftl"): Not found
2021-07-26 10:35:59,002 DEBUG [main] cache:45 - TemplateLoader.findTemplateSource("spark/partials/navbar.ftl"): Found
2021-07-26 10:35:59,003 DEBUG [main] cache:45 - Loading template for "spark/partials/navbar.ftl"("en_IN", UTF-8, parsed) from "jar:file:/C:/Users/Maheshwar%20Pandey/.m2/repository/com/aventstack/extentreports/5.0.8/extentreports-5.0.8.jar!/com/aventstack/extentreports/templates/spark/partials/navbar.ftl"
2021-07-26 10:35:59,122 DEBUG [main] cache:45 - Couldn't find template in cache for "spark/partials/sidenav.ftl"("en_IN", UTF-8, parsed); will try to load it.
2021-07-26 10:35:59,123 DEBUG [main] cache:45 - TemplateLoader.findTemplateSource("spark/partials/sidenav_en_IN.ftl"): Not found
2021-07-26 10:35:59,124 DEBUG [main] cache:45 - TemplateLoader.findTemplateSource("spark/partials/sidenav_en.ftl"): Not found
2021-07-26 10:35:59,126 DEBUG [main] cache:45 - TemplateLoader.findTemplateSource("spark/partials/sidenav.ftl"): Found
2021-07-26 10:35:59,126 DEBUG [main] cache:45 - Loading template for "spark/partials/sidenav.ftl"("en_IN", UTF-8, parsed) from "jar:file:/C:/Users/Maheshwar%20Pandey/.m2/repository/com/aventstack/extentreports/5.0.8/extentreports-5.0.8.jar!/com/aventstack/extentreports/templates/spark/partials/sidenav.ftl"
2021-07-26 10:35:59,153 DEBUG [main] cache:45 - Couldn't find template in cache for "spark/partials/test.ftl"("en_IN", UTF-8, parsed); will try to load it.
2021-07-26 10:35:59,156 DEBUG [main] cache:45 - TemplateLoader.findTemplateSource("spark/partials/test_en_IN.ftl"): Not found
2021-07-26 10:35:59,158 DEBUG [main] cache:45 - TemplateLoader.findTemplateSource("spark/partials/test_en.ftl"): Not found
2021-07-26 10:35:59,184 DEBUG [main] cache:45 - TemplateLoader.findTemplateSource("spark/partials/test.ftl"): Found
2021-07-26 10:35:59,186 DEBUG [main] cache:45 - Loading template for "spark/partials/test.ftl"("en_IN", UTF-8, parsed) from "jar:file:/C:/Users/Maheshwar%20Pandey/.m2/repository/com/aventstack/extentreports/5.0.8/extentreports-5.0.8.jar!/com/aventstack/extentreports/templates/spark/partials/test.ftl"
2021-07-26 10:35:59,340 DEBUG [main] cache:45 - Couldn't find template in cache for "spark/partials/standard-content.ftl"("en_IN", UTF-8, parsed); will try to load it.
2021-07-26 10:35:59,341 DEBUG [main] cache:45 - TemplateLoader.findTemplateSource("spark/partials/standard-content_en_IN.ftl"): Not found
2021-07-26 10:35:59,342 DEBUG [main] cache:45 - TemplateLoader.findTemplateSource("spark/partials/standard-content_en.ftl"): Not found
2021-07-26 10:35:59,344 DEBUG [main] cache:45 - TemplateLoader.findTemplateSource("spark/partials/standard-content.ftl"): Found
2021-07-26 10:35:59,345 DEBUG [main] cache:45 - Loading template for "spark/partials/standard-content.ftl"("en_IN", UTF-8, parsed) from "jar:file:/C:/Users/Maheshwar%20Pandey/.m2/repository/com/aventstack/extentreports/5.0.8/extentreports-5.0.8.jar!/com/aventstack/extentreports/templates/spark/partials/standard-content.ftl"
2021-07-26 10:35:59,353 DEBUG [main] cache:45 - Couldn't find template in cache for "spark/partials/exception.ftl"("en_IN", UTF-8, parsed); will try to load it.
2021-07-26 10:35:59,355 DEBUG [main] cache:45 - TemplateLoader.findTemplateSource("spark/partials/exception_en_IN.ftl"): Not found
2021-07-26 10:35:59,476 DEBUG [main] cache:45 - TemplateLoader.findTemplateSource("spark/partials/exception_en.ftl"): Not found
2021-07-26 10:35:59,495 DEBUG [main] cache:45 - TemplateLoader.findTemplateSource("spark/partials/exception.ftl"): Found
2021-07-26 10:35:59,497 DEBUG [main] cache:45 - Loading template for "spark/partials/exception.ftl"("en_IN", UTF-8, parsed) from "jar:file:/C:/Users/Maheshwar%20Pandey/.m2/repository/com/aventstack/extentreports/5.0.8/extentreports-5.0.8.jar!/com/aventstack/extentreports/templates/spark/partials/exception.ftl"
2021-07-26 10:35:59,502 DEBUG [main] cache:45 - Couldn't find template in cache for "spark/partials/category.ftl"("en_IN", UTF-8, parsed); will try to load it.
2021-07-26 10:35:59,504 DEBUG [main] cache:45 - TemplateLoader.findTemplateSource("spark/partials/category_en_IN.ftl"): Not found
2021-07-26 10:35:59,505 DEBUG [main] cache:45 - TemplateLoader.findTemplateSource("spark/partials/category_en.ftl"): Not found
2021-07-26 10:35:59,506 DEBUG [main] cache:45 - TemplateLoader.findTemplateSource("spark/partials/category.ftl"): Found
2021-07-26 10:35:59,514 DEBUG [main] cache:45 - Loading template for "spark/partials/category.ftl"("en_IN", UTF-8, parsed) from "jar:file:/C:/Users/Maheshwar%20Pandey/.m2/repository/com/aventstack/extentreports/5.0.8/extentreports-5.0.8.jar!/com/aventstack/extentreports/templates/spark/partials/category.ftl"
2021-07-26 10:35:59,527 DEBUG [main] cache:45 - Couldn't find template in cache for "spark/partials/device.ftl"("en_IN", UTF-8, parsed); will try to load it.
2021-07-26 10:35:59,528 DEBUG [main] cache:45 - TemplateLoader.findTemplateSource("spark/partials/device_en_IN.ftl"): Not found
2021-07-26 10:35:59,529 DEBUG [main] cache:45 - TemplateLoader.findTemplateSource("spark/partials/device_en.ftl"): Not found
2021-07-26 10:35:59,536 DEBUG [main] cache:45 - TemplateLoader.findTemplateSource("spark/partials/device.ftl"): Found
2021-07-26 10:35:59,537 DEBUG [main] cache:45 - Loading template for "spark/partials/device.ftl"("en_IN", UTF-8, parsed) from "jar:file:/C:/Users/Maheshwar%20Pandey/.m2/repository/com/aventstack/extentreports/5.0.8/extentreports-5.0.8.jar!/com/aventstack/extentreports/templates/spark/partials/device.ftl"
2021-07-26 10:35:59,540 DEBUG [main] cache:45 - Couldn't find template in cache for "spark/partials/author.ftl"("en_IN", UTF-8, parsed); will try to load it.
2021-07-26 10:35:59,541 DEBUG [main] cache:45 - TemplateLoader.findTemplateSource("spark/partials/author_en_IN.ftl"): Not found
2021-07-26 10:35:59,543 DEBUG [main] cache:45 - TemplateLoader.findTemplateSource("spark/partials/author_en.ftl"): Not found
2021-07-26 10:35:59,544 DEBUG [main] cache:45 - TemplateLoader.findTemplateSource("spark/partials/author.ftl"): Found
2021-07-26 10:35:59,545 DEBUG [main] cache:45 - Loading template for "spark/partials/author.ftl"("en_IN", UTF-8, parsed) from "jar:file:/C:/Users/Maheshwar%20Pandey/.m2/repository/com/aventstack/extentreports/5.0.8/extentreports-5.0.8.jar!/com/aventstack/extentreports/templates/spark/partials/author.ftl"
2021-07-26 10:35:59,555 DEBUG [main] cache:45 - Couldn't find template in cache for "spark/partials/log.ftl"("en_IN", UTF-8, parsed); will try to load it.
2021-07-26 10:35:59,557 DEBUG [main] cache:45 - TemplateLoader.findTemplateSource("spark/partials/log_en_IN.ftl"): Not found
2021-07-26 10:35:59,558 DEBUG [main] cache:45 - TemplateLoader.findTemplateSource("spark/partials/log_en.ftl"): Not found
2021-07-26 10:35:59,559 DEBUG [main] cache:45 - TemplateLoader.findTemplateSource("spark/partials/log.ftl"): Found
2021-07-26 10:35:59,560 DEBUG [main] cache:45 - Loading template for "spark/partials/log.ftl"("en_IN", UTF-8, parsed) from "jar:file:/C:/Users/Maheshwar%20Pandey/.m2/repository/com/aventstack/extentreports/5.0.8/extentreports-5.0.8.jar!/com/aventstack/extentreports/templates/spark/partials/log.ftl"
2021-07-26 10:35:59,570 DEBUG [main] cache:45 - Couldn't find template in cache for "spark/partials/dashboard.ftl"("en_IN", UTF-8, parsed); will try to load it.
2021-07-26 10:35:59,571 DEBUG [main] cache:45 - TemplateLoader.findTemplateSource("spark/partials/dashboard_en_IN.ftl"): Not found
2021-07-26 10:35:59,573 DEBUG [main] cache:45 - TemplateLoader.findTemplateSource("spark/partials/dashboard_en.ftl"): Not found
2021-07-26 10:35:59,574 DEBUG [main] cache:45 - TemplateLoader.findTemplateSource("spark/partials/dashboard.ftl"): Found
2021-07-26 10:35:59,575 DEBUG [main] cache:45 - Loading template for "spark/partials/dashboard.ftl"("en_IN", UTF-8, parsed) from "jar:file:/C:/Users/Maheshwar%20Pandey/.m2/repository/com/aventstack/extentreports/5.0.8/extentreports-5.0.8.jar!/com/aventstack/extentreports/templates/spark/partials/dashboard.ftl"
2021-07-26 10:35:59,939 DEBUG [main] cache:45 - Couldn't find template in cache for "spark/partials/scripts.ftl"("en_IN", UTF-8, parsed); will try to load it.
2021-07-26 10:35:59,941 DEBUG [main] cache:45 - TemplateLoader.findTemplateSource("spark/partials/scripts_en_IN.ftl"): Not found
2021-07-26 10:35:59,941 DEBUG [main] cache:45 - TemplateLoader.findTemplateSource("spark/partials/scripts_en.ftl"): Not found
2021-07-26 10:35:59,942 DEBUG [main] cache:45 - TemplateLoader.findTemplateSource("spark/partials/scripts.ftl"): Found
2021-07-26 10:35:59,943 DEBUG [main] cache:45 - Loading template for "spark/partials/scripts.ftl"("en_IN", UTF-8, parsed) from "jar:file:/C:/Users/Maheshwar%20Pandey/.m2/repository/com/aventstack/extentreports/5.0.8/extentreports-5.0.8.jar!/com/aventstack/extentreports/templates/spark/partials/scripts.ftl"
2021-07-26 10:35:59,953 DEBUG [main] cache:45 - Couldn't find template in cache for "commons/commons-inject-js.ftl"("en_IN", UTF-8, parsed); will try to load it.
2021-07-26 10:35:59,954 DEBUG [main] cache:45 - TemplateLoader.findTemplateSource("commons/commons-inject-js_en_IN.ftl"): Not found
2021-07-26 10:35:59,955 DEBUG [main] cache:45 - TemplateLoader.findTemplateSource("commons/commons-inject-js_en.ftl"): Not found
2021-07-26 10:35:59,965 DEBUG [main] cache:45 - TemplateLoader.findTemplateSource("commons/commons-inject-js.ftl"): Found
2021-07-26 10:35:59,968 DEBUG [main] cache:45 - Loading template for "commons/commons-inject-js.ftl"("en_IN", UTF-8, parsed) from "jar:file:/C:/Users/Maheshwar%20Pandey/.m2/repository/com/aventstack/extentreports/5.0.8/extentreports-5.0.8.jar!/com/aventstack/extentreports/templates/commons/commons-inject-js.ftl"
2021-07-26 10:36:04,040 DEBUG [main] cache:45 - TemplateLoader.findTemplateSource("spark/spark.spa_en_IN.ftl"): Not found
2021-07-26 10:36:04,042 DEBUG [main] cache:45 - TemplateLoader.findTemplateSource("spark/spark.spa_en.ftl"): Not found
2021-07-26 10:36:04,044 DEBUG [main] cache:45 - TemplateLoader.findTemplateSource("spark/spark.spa.ftl"): Found
2021-07-26 10:36:04,045 DEBUG [main] cache:45 - "spark/spark.spa.ftl"("en_IN", UTF-8, parsed): using cached since jar:file:/C:/Users/Maheshwar%20Pandey/.m2/repository/com/aventstack/extentreports/5.0.8/extentreports-5.0.8.jar!/com/aventstack/extentreports/templates/spark/spark.spa.ftl hasn't changed.
2021-07-26 10:36:04,047 DEBUG [main] cache:45 - TemplateLoader.findTemplateSource("commons/commons-variables_en_IN.ftl"): Not found
2021-07-26 10:36:04,049 DEBUG [main] cache:45 - TemplateLoader.findTemplateSource("commons/commons-variables_en.ftl"): Not found
2021-07-26 10:36:04,050 DEBUG [main] cache:45 - TemplateLoader.findTemplateSource("commons/commons-variables.ftl"): Found
2021-07-26 10:36:04,051 DEBUG [main] cache:45 - "commons/commons-variables.ftl"("en_IN", UTF-8, parsed): using cached since jar:file:/C:/Users/Maheshwar%20Pandey/.m2/repository/com/aventstack/extentreports/5.0.8/extentreports-5.0.8.jar!/com/aventstack/extentreports/templates/commons/commons-variables.ftl hasn't changed.
2021-07-26 10:36:04,057 DEBUG [main] cache:45 - TemplateLoader.findTemplateSource("commons/commons-macros_en_IN.ftl"): Not found
2021-07-26 10:36:04,058 DEBUG [main] cache:45 - TemplateLoader.findTemplateSource("commons/commons-macros_en.ftl"): Not found
2021-07-26 10:36:04,060 DEBUG [main] cache:45 - TemplateLoader.findTemplateSource("commons/commons-macros.ftl"): Found
2021-07-26 10:36:04,064 DEBUG [main] cache:45 - "commons/commons-macros.ftl"("en_IN", UTF-8, parsed): using cached since jar:file:/C:/Users/Maheshwar%20Pandey/.m2/repository/com/aventstack/extentreports/5.0.8/extentreports-5.0.8.jar!/com/aventstack/extentreports/templates/commons/commons-macros.ftl hasn't changed.
2021-07-26 10:36:04,067 DEBUG [main] cache:45 - TemplateLoader.findTemplateSource("spark/macros/attributes_en_IN.ftl"): Not found
2021-07-26 10:36:04,069 DEBUG [main] cache:45 - TemplateLoader.findTemplateSource("spark/macros/attributes_en.ftl"): Not found
2021-07-26 10:36:04,071 DEBUG [main] cache:45 - TemplateLoader.findTemplateSource("spark/macros/attributes.ftl"): Found
2021-07-26 10:36:04,072 DEBUG [main] cache:45 - "spark/macros/attributes.ftl"("en_IN", UTF-8, parsed): using cached since jar:file:/C:/Users/Maheshwar%20Pandey/.m2/repository/com/aventstack/extentreports/5.0.8/extentreports-5.0.8.jar!/com/aventstack/extentreports/templates/spark/macros/attributes.ftl hasn't changed.
2021-07-26 10:36:04,075 DEBUG [main] cache:45 - TemplateLoader.findTemplateSource("spark/macros/log_en_IN.ftl"): Not found
2021-07-26 10:36:04,080 DEBUG [main] cache:45 - TemplateLoader.findTemplateSource("spark/macros/log_en.ftl"): Not found
2021-07-26 10:36:04,082 DEBUG [main] cache:45 - TemplateLoader.findTemplateSource("spark/macros/log.ftl"): Found
2021-07-26 10:36:04,084 DEBUG [main] cache:45 - "spark/macros/log.ftl"("en_IN", UTF-8, parsed): using cached since jar:file:/C:/Users/Maheshwar%20Pandey/.m2/repository/com/aventstack/extentreports/5.0.8/extentreports-5.0.8.jar!/com/aventstack/extentreports/templates/spark/macros/log.ftl hasn't changed.
2021-07-26 10:36:04,087 DEBUG [main] cache:45 - TemplateLoader.findTemplateSource("spark/macros/recurse_nodes_en_IN.ftl"): Not found
2021-07-26 10:36:04,089 DEBUG [main] cache:45 - TemplateLoader.findTemplateSource("spark/macros/recurse_nodes_en.ftl"): Not found
2021-07-26 10:36:04,091 DEBUG [main] cache:45 - TemplateLoader.findTemplateSource("spark/macros/recurse_nodes.ftl"): Found
2021-07-26 10:36:04,222 DEBUG [main] cache:45 - "spark/macros/recurse_nodes.ftl"("en_IN", UTF-8, parsed): using cached since jar:file:/C:/Users/Maheshwar%20Pandey/.m2/repository/com/aventstack/extentreports/5.0.8/extentreports-5.0.8.jar!/com/aventstack/extentreports/templates/spark/macros/recurse_nodes.ftl hasn't changed.
2021-07-26 10:36:04,228 DEBUG [main] cache:45 - "spark/macros/log.ftl"("en_IN", UTF-8, parsed) cached copy not yet stale; using cached.
2021-07-26 10:36:04,233 DEBUG [main] cache:45 - TemplateLoader.findTemplateSource("spark/macros/attr-common_en_IN.ftl"): Not found
2021-07-26 10:36:04,235 DEBUG [main] cache:45 - TemplateLoader.findTemplateSource("spark/macros/attr-common_en.ftl"): Not found
2021-07-26 10:36:04,322 DEBUG [main] cache:45 - TemplateLoader.findTemplateSource("spark/macros/attr-common.ftl"): Found
2021-07-26 10:36:04,324 DEBUG [main] cache:45 - "spark/macros/attr-common.ftl"("en_IN", UTF-8, parsed): using cached since jar:file:/C:/Users/Maheshwar%20Pandey/.m2/repository/com/aventstack/extentreports/5.0.8/extentreports-5.0.8.jar!/com/aventstack/extentreports/templates/spark/macros/attr-common.ftl hasn't changed.
2021-07-26 10:36:04,327 DEBUG [main] cache:45 - TemplateLoader.findTemplateSource("spark/partials/head_en_IN.ftl"): Not found
2021-07-26 10:36:04,328 DEBUG [main] cache:45 - TemplateLoader.findTemplateSource("spark/partials/head_en.ftl"): Not found
2021-07-26 10:36:04,330 DEBUG [main] cache:45 - TemplateLoader.findTemplateSource("spark/partials/head.ftl"): Found
2021-07-26 10:36:04,332 DEBUG [main] cache:45 - "spark/partials/head.ftl"("en_IN", UTF-8, parsed): using cached since jar:file:/C:/Users/Maheshwar%20Pandey/.m2/repository/com/aventstack/extentreports/5.0.8/extentreports-5.0.8.jar!/com/aventstack/extentreports/templates/spark/partials/head.ftl hasn't changed.
2021-07-26 10:36:04,377 DEBUG [main] cache:45 - TemplateLoader.findTemplateSource("commons/commons-inject-css_en_IN.ftl"): Not found
2021-07-26 10:36:04,379 DEBUG [main] cache:45 - TemplateLoader.findTemplateSource("commons/commons-inject-css_en.ftl"): Not found
2021-07-26 10:36:04,385 DEBUG [main] cache:45 - TemplateLoader.findTemplateSource("commons/commons-inject-css.ftl"): Found
2021-07-26 10:36:04,492 DEBUG [main] cache:45 - "commons/commons-inject-css.ftl"("en_IN", UTF-8, parsed): using cached since jar:file:/C:/Users/Maheshwar%20Pandey/.m2/repository/com/aventstack/extentreports/5.0.8/extentreports-5.0.8.jar!/com/aventstack/extentreports/templates/commons/commons-inject-css.ftl hasn't changed.
2021-07-26 10:36:04,499 DEBUG [main] cache:45 - TemplateLoader.findTemplateSource("spark/partials/navbar_en_IN.ftl"): Not found
2021-07-26 10:36:04,502 DEBUG [main] cache:45 - TemplateLoader.findTemplateSource("spark/partials/navbar_en.ftl"): Not found
2021-07-26 10:36:04,504 DEBUG [main] cache:45 - TemplateLoader.findTemplateSource("spark/partials/navbar.ftl"): Found
2021-07-26 10:36:04,610 DEBUG [main] cache:45 - "spark/partials/navbar.ftl"("en_IN", UTF-8, parsed): using cached since jar:file:/C:/Users/Maheshwar%20Pandey/.m2/repository/com/aventstack/extentreports/5.0.8/extentreports-5.0.8.jar!/com/aventstack/extentreports/templates/spark/partials/navbar.ftl hasn't changed.
2021-07-26 10:36:04,614 DEBUG [main] cache:45 - TemplateLoader.findTemplateSource("spark/partials/sidenav_en_IN.ftl"): Not found
2021-07-26 10:36:04,618 DEBUG [main] cache:45 - TemplateLoader.findTemplateSource("spark/partials/sidenav_en.ftl"): Not found
2021-07-26 10:36:04,620 DEBUG [main] cache:45 - TemplateLoader.findTemplateSource("spark/partials/sidenav.ftl"): Found
2021-07-26 10:36:04,622 DEBUG [main] cache:45 - "spark/partials/sidenav.ftl"("en_IN", UTF-8, parsed): using cached since jar:file:/C:/Users/Maheshwar%20Pandey/.m2/repository/com/aventstack/extentreports/5.0.8/extentreports-5.0.8.jar!/com/aventstack/extentreports/templates/spark/partials/sidenav.ftl hasn't changed.
2021-07-26 10:36:04,840 DEBUG [main] cache:45 - TemplateLoader.findTemplateSource("spark/partials/test_en_IN.ftl"): Not found
2021-07-26 10:36:04,879 DEBUG [main] cache:45 - TemplateLoader.findTemplateSource("spark/partials/test_en.ftl"): Not found
2021-07-26 10:36:04,880 DEBUG [main] cache:45 - TemplateLoader.findTemplateSource("spark/partials/test.ftl"): Found
2021-07-26 10:36:04,882 DEBUG [main] cache:45 - "spark/partials/test.ftl"("en_IN", UTF-8, parsed): using cached since jar:file:/C:/Users/Maheshwar%20Pandey/.m2/repository/com/aventstack/extentreports/5.0.8/extentreports-5.0.8.jar!/com/aventstack/extentreports/templates/spark/partials/test.ftl hasn't changed.
2021-07-26 10:36:04,907 DEBUG [main] cache:45 - TemplateLoader.findTemplateSource("spark/partials/standard-content_en_IN.ftl"): Not found
2021-07-26 10:36:04,909 DEBUG [main] cache:45 - TemplateLoader.findTemplateSource("spark/partials/standard-content_en.ftl"): Not found
2021-07-26 10:36:04,911 DEBUG [main] cache:45 - TemplateLoader.findTemplateSource("spark/partials/standard-content.ftl"): Found
2021-07-26 10:36:04,912 DEBUG [main] cache:45 - "spark/partials/standard-content.ftl"("en_IN", UTF-8, parsed): using cached since jar:file:/C:/Users/Maheshwar%20Pandey/.m2/repository/com/aventstack/extentreports/5.0.8/extentreports-5.0.8.jar!/com/aventstack/extentreports/templates/spark/partials/standard-content.ftl hasn't changed.
2021-07-26 10:36:04,916 DEBUG [main] cache:45 - TemplateLoader.findTemplateSource("spark/partials/exception_en_IN.ftl"): Not found
2021-07-26 10:36:04,917 DEBUG [main] cache:45 - TemplateLoader.findTemplateSource("spark/partials/exception_en.ftl"): Not found
2021-07-26 10:36:04,919 DEBUG [main] cache:45 - TemplateLoader.findTemplateSource("spark/partials/exception.ftl"): Found
2021-07-26 10:36:04,922 DEBUG [main] cache:45 - "spark/partials/exception.ftl"("en_IN", UTF-8, parsed): using cached since jar:file:/C:/Users/Maheshwar%20Pandey/.m2/repository/com/aventstack/extentreports/5.0.8/extentreports-5.0.8.jar!/com/aventstack/extentreports/templates/spark/partials/exception.ftl hasn't changed.
2021-07-26 10:36:04,937 DEBUG [main] cache:45 - TemplateLoader.findTemplateSource("spark/partials/category_en_IN.ftl"): Not found
2021-07-26 10:36:04,939 DEBUG [main] cache:45 - TemplateLoader.findTemplateSource("spark/partials/category_en.ftl"): Not found
2021-07-26 10:36:04,941 DEBUG [main] cache:45 - TemplateLoader.findTemplateSource("spark/partials/category.ftl"): Found
2021-07-26 10:36:04,942 DEBUG [main] cache:45 - "spark/partials/category.ftl"("en_IN", UTF-8, parsed): using cached since jar:file:/C:/Users/Maheshwar%20Pandey/.m2/repository/com/aventstack/extentreports/5.0.8/extentreports-5.0.8.jar!/com/aventstack/extentreports/templates/spark/partials/category.ftl hasn't changed.
2021-07-26 10:36:04,945 DEBUG [main] cache:45 - TemplateLoader.findTemplateSource("spark/partials/device_en_IN.ftl"): Not found
2021-07-26 10:36:04,947 DEBUG [main] cache:45 - TemplateLoader.findTemplateSource("spark/partials/device_en.ftl"): Not found
2021-07-26 10:36:04,951 DEBUG [main] cache:45 - TemplateLoader.findTemplateSource("spark/partials/device.ftl"): Found
2021-07-26 10:36:04,953 DEBUG [main] cache:45 - "spark/partials/device.ftl"("en_IN", UTF-8, parsed): using cached since jar:file:/C:/Users/Maheshwar%20Pandey/.m2/repository/com/aventstack/extentreports/5.0.8/extentreports-5.0.8.jar!/com/aventstack/extentreports/templates/spark/partials/device.ftl hasn't changed.
2021-07-26 10:36:05,121 DEBUG [main] cache:45 - TemplateLoader.findTemplateSource("spark/partials/author_en_IN.ftl"): Not found
2021-07-26 10:36:05,123 DEBUG [main] cache:45 - TemplateLoader.findTemplateSource("spark/partials/author_en.ftl"): Not found
2021-07-26 10:36:05,128 DEBUG [main] cache:45 - TemplateLoader.findTemplateSource("spark/partials/author.ftl"): Found
2021-07-26 10:36:05,162 DEBUG [main] cache:45 - "spark/partials/author.ftl"("en_IN", UTF-8, parsed): using cached since jar:file:/C:/Users/Maheshwar%20Pandey/.m2/repository/com/aventstack/extentreports/5.0.8/extentreports-5.0.8.jar!/com/aventstack/extentreports/templates/spark/partials/author.ftl hasn't changed.
2021-07-26 10:36:05,173 DEBUG [main] cache:45 - TemplateLoader.findTemplateSource("spark/partials/log_en_IN.ftl"): Not found
2021-07-26 10:36:05,175 DEBUG [main] cache:45 - TemplateLoader.findTemplateSource("spark/partials/log_en.ftl"): Not found
2021-07-26 10:36:05,177 DEBUG [main] cache:45 - TemplateLoader.findTemplateSource("spark/partials/log.ftl"): Found
2021-07-26 10:36:05,178 DEBUG [main] cache:45 - "spark/partials/log.ftl"("en_IN", UTF-8, parsed): using cached since jar:file:/C:/Users/Maheshwar%20Pandey/.m2/repository/com/aventstack/extentreports/5.0.8/extentreports-5.0.8.jar!/com/aventstack/extentreports/templates/spark/partials/log.ftl hasn't changed.
2021-07-26 10:36:05,183 DEBUG [main] cache:45 - TemplateLoader.findTemplateSource("spark/partials/dashboard_en_IN.ftl"): Not found
2021-07-26 10:36:05,184 DEBUG [main] cache:45 - TemplateLoader.findTemplateSource("spark/partials/dashboard_en.ftl"): Not found
2021-07-26 10:36:05,186 DEBUG [main] cache:45 - TemplateLoader.findTemplateSource("spark/partials/dashboard.ftl"): Found
2021-07-26 10:36:05,191 DEBUG [main] cache:45 - "spark/partials/dashboard.ftl"("en_IN", UTF-8, parsed): using cached since jar:file:/C:/Users/Maheshwar%20Pandey/.m2/repository/com/aventstack/extentreports/5.0.8/extentreports-5.0.8.jar!/com/aventstack/extentreports/templates/spark/partials/dashboard.ftl hasn't changed.
2021-07-26 10:36:05,210 DEBUG [main] cache:45 - TemplateLoader.findTemplateSource("spark/partials/scripts_en_IN.ftl"): Not found
2021-07-26 10:36:05,278 DEBUG [main] cache:45 - TemplateLoader.findTemplateSource("spark/partials/scripts_en.ftl"): Not found
2021-07-26 10:36:05,374 DEBUG [main] cache:45 - TemplateLoader.findTemplateSource("spark/partials/scripts.ftl"): Found
2021-07-26 10:36:05,379 DEBUG [main] cache:45 - "spark/partials/scripts.ftl"("en_IN", UTF-8, parsed): using cached since jar:file:/C:/Users/Maheshwar%20Pandey/.m2/repository/com/aventstack/extentreports/5.0.8/extentreports-5.0.8.jar!/com/aventstack/extentreports/templates/spark/partials/scripts.ftl hasn't changed.
2021-07-26 10:36:05,381 DEBUG [main] cache:45 - TemplateLoader.findTemplateSource("commons/commons-inject-js_en_IN.ftl"): Not found
2021-07-26 10:36:05,384 DEBUG [main] cache:45 - TemplateLoader.findTemplateSource("commons/commons-inject-js_en.ftl"): Not found
2021-07-26 10:36:05,385 DEBUG [main] cache:45 - TemplateLoader.findTemplateSource("commons/commons-inject-js.ftl"): Found
2021-07-26 10:36:05,386 DEBUG [main] cache:45 - "commons/commons-inject-js.ftl"("en_IN", UTF-8, parsed): using cached since jar:file:/C:/Users/Maheshwar%20Pandey/.m2/repository/com/aventstack/extentreports/5.0.8/extentreports-5.0.8.jar!/com/aventstack/extentreports/templates/commons/commons-inject-js.ftl hasn't changed.
